<?xml version="1.0" encoding="UTF-8"?>
<testng-results skipped="1" failed="3" ignored="0" total="15" passed="11">
  <reporter-output>
    <line>
      <![CDATA[Browser is launched]]>
    </line>
    <line>
      <![CDATA[enter url]]>
    </line>
    <line>
      <![CDATA[click on logIn link]]>
    </line>
    <line>
      <![CDATA[enter email and password]]>
    </line>
    <line>
      <![CDATA[click on blend oil]]>
    </line>
    <line>
      <![CDATA[compared the name]]>
    </line>
    <line>
      <![CDATA[click on logOut Link]]>
    </line>
    <line>
      <![CDATA[browser closed]]>
    </line>
    <line>
      <![CDATA[Browser is launched]]>
    </line>
    <line>
      <![CDATA[enter url]]>
    </line>
    <line>
      <![CDATA[click on logIn link]]>
    </line>
    <line>
      <![CDATA[enter email and password]]>
    </line>
    <line>
      <![CDATA[click on logOut Link]]>
    </line>
    <line>
      <![CDATA[browser closed]]>
    </line>
    <line>
      <![CDATA[Browser is launched]]>
    </line>
    <line>
      <![CDATA[enter url]]>
    </line>
    <line>
      <![CDATA[click on logIn link]]>
    </line>
    <line>
      <![CDATA[enter email and password]]>
    </line>
    <line>
      <![CDATA[enter pincode]]>
    </line>
    <line>
      <![CDATA[click on check button]]>
    </line>
    <line>
      <![CDATA[Delivery Available]]>
    </line>
    <line>
      <![CDATA[Browser is launched]]>
    </line>
    <line>
      <![CDATA[enter url]]>
    </line>
    <line>
      <![CDATA[click on logIn link]]>
    </line>
    <line>
      <![CDATA[enter email and password]]>
    </line>
    <line>
      <![CDATA[entering the productRice products]]>
    </line>
    <line>
      <![CDATA[click on add to cart]]>
    </line>
    <line>
      <![CDATA[click on add to cart]]>
    </line>
    <line>
      <![CDATA[click on add to cart]]>
    </line>
    <line>
      <![CDATA[click on add to cart]]>
    </line>
    <line>
      <![CDATA[click on add to cart]]>
    </line>
    <line>
      <![CDATA[click on add to cart]]>
    </line>
    <line>
      <![CDATA[click on add to cart]]>
    </line>
    <line>
      <![CDATA[click on add to cart]]>
    </line>
    <line>
      <![CDATA[click on add to cart]]>
    </line>
    <line>
      <![CDATA[click on add to cart]]>
    </line>
    <line>
      <![CDATA[click on add to cart]]>
    </line>
    <line>
      <![CDATA[click on add to cart]]>
    </line>
    <line>
      <![CDATA[click on add to cart]]>
    </line>
    <line>
      <![CDATA[click on add to cart]]>
    </line>
    <line>
      <![CDATA[click on add to cart]]>
    </line>
    <line>
      <![CDATA[click on add to cart]]>
    </line>
    <line>
      <![CDATA[click on add to cart]]>
    </line>
    <line>
      <![CDATA[click on add to cart]]>
    </line>
    <line>
      <![CDATA[click on add to cart]]>
    </line>
    <line>
      <![CDATA[click on add to cart]]>
    </line>
    <line>
      <![CDATA[click on add to cart]]>
    </line>
    <line>
      <![CDATA[click on add to cart]]>
    </line>
    <line>
      <![CDATA[click on add to cart]]>
    </line>
    <line>
      <![CDATA[click on add to cart]]>
    </line>
    <line>
      <![CDATA[click on add to cart]]>
    </line>
    <line>
      <![CDATA[click on add to cart]]>
    </line>
    <line>
      <![CDATA[click on add to cart]]>
    </line>
    <line>
      <![CDATA[click on add to cart]]>
    </line>
    <line>
      <![CDATA[click on add to cart]]>
    </line>
    <line>
      <![CDATA[click on add to cart]]>
    </line>
    <line>
      <![CDATA[click on add to cart]]>
    </line>
    <line>
      <![CDATA[click on add to cart]]>
    </line>
    <line>
      <![CDATA[click on add to cart]]>
    </line>
    <line>
      <![CDATA[click on add to cart]]>
    </line>
    <line>
      <![CDATA[click on add to cart]]>
    </line>
    <line>
      <![CDATA[click on add to cart]]>
    </line>
    <line>
      <![CDATA[click on add to cart]]>
    </line>
    <line>
      <![CDATA[click on add to cart]]>
    </line>
    <line>
      <![CDATA[click on add to cart]]>
    </line>
    <line>
      <![CDATA[click on add to cart]]>
    </line>
    <line>
      <![CDATA[click on add to cart]]>
    </line>
    <line>
      <![CDATA[click on add to cart]]>
    </line>
    <line>
      <![CDATA[click on add to cart]]>
    </line>
    <line>
      <![CDATA[click on add to cart]]>
    </line>
    <line>
      <![CDATA[click on add to cart]]>
    </line>
    <line>
      <![CDATA[click on add to cart]]>
    </line>
    <line>
      <![CDATA[click on add to cart]]>
    </line>
    <line>
      <![CDATA[click on add to cart]]>
    </line>
    <line>
      <![CDATA[click on add to cart]]>
    </line>
    <line>
      <![CDATA[click on add to cart]]>
    </line>
    <line>
      <![CDATA[click on add to cart]]>
    </line>
    <line>
      <![CDATA[click on add to cart]]>
    </line>
    <line>
      <![CDATA[click on add to cart]]>
    </line>
    <line>
      <![CDATA[click on add to cart]]>
    </line>
    <line>
      <![CDATA[click on add to cart]]>
    </line>
    <line>
      <![CDATA[click on add to cart]]>
    </line>
    <line>
      <![CDATA[click on add to cart]]>
    </line>
    <line>
      <![CDATA[click on add to cart]]>
    </line>
    <line>
      <![CDATA[click on add to cart]]>
    </line>
    <line>
      <![CDATA[click on add to cart]]>
    </line>
    <line>
      <![CDATA[click on add to cart]]>
    </line>
    <line>
      <![CDATA[click on add to cart]]>
    </line>
    <line>
      <![CDATA[click on add to cart]]>
    </line>
    <line>
      <![CDATA[click on add to cart]]>
    </line>
    <line>
      <![CDATA[click on add to cart]]>
    </line>
    <line>
      <![CDATA[click on add to cart]]>
    </line>
    <line>
      <![CDATA[click on add to cart]]>
    </line>
    <line>
      <![CDATA[click on add to cart]]>
    </line>
    <line>
      <![CDATA[click on add to cart]]>
    </line>
    <line>
      <![CDATA[click on add to cart]]>
    </line>
    <line>
      <![CDATA[click on add to cart]]>
    </line>
    <line>
      <![CDATA[click on add to cart]]>
    </line>
    <line>
      <![CDATA[click on add to cart]]>
    </line>
    <line>
      <![CDATA[click on add to cart]]>
    </line>
    <line>
      <![CDATA[click on add to cart]]>
    </line>
    <line>
      <![CDATA[click on add to cart]]>
    </line>
    <line>
      <![CDATA[click on add to cart]]>
    </line>
    <line>
      <![CDATA[click on add to cart]]>
    </line>
    <line>
      <![CDATA[click on add to cart]]>
    </line>
    <line>
      <![CDATA[click on add to cart]]>
    </line>
    <line>
      <![CDATA[click on add to cart]]>
    </line>
    <line>
      <![CDATA[click on add to cart]]>
    </line>
    <line>
      <![CDATA[click on add to cart]]>
    </line>
    <line>
      <![CDATA[click on add to cart]]>
    </line>
    <line>
      <![CDATA[click on add to cart]]>
    </line>
    <line>
      <![CDATA[click on add to cart]]>
    </line>
    <line>
      <![CDATA[click on add to cart]]>
    </line>
    <line>
      <![CDATA[click on add to cart]]>
    </line>
    <line>
      <![CDATA[click on add to cart]]>
    </line>
    <line>
      <![CDATA[click on add to cart]]>
    </line>
    <line>
      <![CDATA[click on add to cart]]>
    </line>
    <line>
      <![CDATA[click on add to cart]]>
    </line>
    <line>
      <![CDATA[click on add to cart]]>
    </line>
    <line>
      <![CDATA[click on add to cart]]>
    </line>
    <line>
      <![CDATA[click on logOut Link]]>
    </line>
    <line>
      <![CDATA[browser closed]]>
    </line>
    <line>
      <![CDATA[Browser is launched]]>
    </line>
    <line>
      <![CDATA[enter url]]>
    </line>
    <line>
      <![CDATA[click on logIn link]]>
    </line>
    <line>
      <![CDATA[enter email and password]]>
    </line>
    <line>
      <![CDATA[click on logOut Link]]>
    </line>
    <line>
      <![CDATA[browser closed]]>
    </line>
    <line>
      <![CDATA[Browser is launched]]>
    </line>
    <line>
      <![CDATA[enter url]]>
    </line>
    <line>
      <![CDATA[click on logIn link]]>
    </line>
    <line>
      <![CDATA[enter email and password]]>
    </line>
    <line>
      <![CDATA[click on logOut Link]]>
    </line>
    <line>
      <![CDATA[browser closed]]>
    </line>
    <line>
      <![CDATA[Browser is launched]]>
    </line>
    <line>
      <![CDATA[enter url]]>
    </line>
    <line>
      <![CDATA[click on logIn link]]>
    </line>
    <line>
      <![CDATA[enter email and password]]>
    </line>
    <line>
      <![CDATA[move items to wishlist]]>
    </line>
    <line>
      <![CDATA[click on logOut Link]]>
    </line>
    <line>
      <![CDATA[browser closed]]>
    </line>
    <line>
      <![CDATA[Browser is launched]]>
    </line>
    <line>
      <![CDATA[enter url]]>
    </line>
    <line>
      <![CDATA[click on logIn link]]>
    </line>
    <line>
      <![CDATA[enter email and password]]>
    </line>
    <line>
      <![CDATA[click on share wish list button]]>
    </line>
    <line>
      <![CDATA[enter emails]]>
    </line>
    <line>
      <![CDATA[enter message]]>
    </line>
    <line>
      <![CDATA[click on share wishlist]]>
    </line>
    <line>
      <![CDATA[click on logOut Link]]>
    </line>
    <line>
      <![CDATA[browser closed]]>
    </line>
    <line>
      <![CDATA[Browser is launched]]>
    </line>
    <line>
      <![CDATA[enter url]]>
    </line>
    <line>
      <![CDATA[click on logIn link]]>
    </line>
    <line>
      <![CDATA[enter email and password]]>
    </line>
    <line>
      <![CDATA[click on add all to cart button]]>
    </line>
    <line>
      <![CDATA[click on logOut Link]]>
    </line>
    <line>
      <![CDATA[browser closed]]>
    </line>
    <line>
      <![CDATA[Browser is launched]]>
    </line>
    <line>
      <![CDATA[enter url]]>
    </line>
    <line>
      <![CDATA[click on logIn link]]>
    </line>
    <line>
      <![CDATA[enter email and password]]>
    </line>
    <line>
      <![CDATA[click on my order]]>
    </line>
    <line>
      <![CDATA[my order page is displayed]]>
    </line>
    <line>
      <![CDATA[click on logOut Link]]>
    </line>
    <line>
      <![CDATA[browser closed]]>
    </line>
    <line>
      <![CDATA[Browser is launched]]>
    </line>
    <line>
      <![CDATA[enter url]]>
    </line>
    <line>
      <![CDATA[click on logIn link]]>
    </line>
    <line>
      <![CDATA[enter email and password]]>
    </line>
    <line>
      <![CDATA[click on scroll up button]]>
    </line>
    <line>
      <![CDATA[click on my cart link]]>
    </line>
    <line>
      <![CDATA[click on logOut Link]]>
    </line>
    <line>
      <![CDATA[browser closed]]>
    </line>
    <line>
      <![CDATA[Browser is launched]]>
    </line>
    <line>
      <![CDATA[enter url]]>
    </line>
    <line>
      <![CDATA[click on logIn link]]>
    </line>
    <line>
      <![CDATA[Browser is launched]]>
    </line>
    <line>
      <![CDATA[enter url]]>
    </line>
    <line>
      <![CDATA[click on logIn link]]>
    </line>
    <line>
      <![CDATA[enter email and password]]>
    </line>
    <line>
      <![CDATA[move items to wishlist]]>
    </line>
    <line>
      <![CDATA[click on remove item]]>
    </line>
    <line>
      <![CDATA[Handling alert]]>
    </line>
    <line>
      <![CDATA[click on logOut Link]]>
    </line>
    <line>
      <![CDATA[browser closed]]>
    </line>
    <line>
      <![CDATA[Browser is launched]]>
    </line>
    <line>
      <![CDATA[enter url]]>
    </line>
    <line>
      <![CDATA[click on logIn link]]>
    </line>
    <line>
      <![CDATA[enter email and password]]>
    </line>
    <line>
      <![CDATA[removing item from cart]]>
    </line>
    <line>
      <![CDATA[click on logOut Link]]>
    </line>
    <line>
      <![CDATA[browser closed]]>
    </line>
    <line>
      <![CDATA[Browser is launched]]>
    </line>
    <line>
      <![CDATA[enter url]]>
    </line>
    <line>
      <![CDATA[click on logIn link]]>
    </line>
    <line>
      <![CDATA[enter email and password]]>
    </line>
    <line>
      <![CDATA[cleared cart items]]>
    </line>
    <line>
      <![CDATA[click on logOut Link]]>
    </line>
    <line>
      <![CDATA[browser closed]]>
    </line>
  </reporter-output>
  <suite name="Suite" duration-ms="1215553" started-at="2020-06-19T12:08:14 IST" finished-at="2020-06-19T12:28:29 IST">
    <groups>
    </groups>
    <test name="Test" duration-ms="1215553" started-at="2020-06-19T12:08:14 IST" finished-at="2020-06-19T12:28:29 IST">
      <class name="com.oneDayCart.testScript.scrollMoveTop">
        <test-method status="PASS" signature="configBC()[pri:0, instance:com.oneDayCart.testScript.scrollMoveTop@59e5ddf]" name="configBC" is-config="true" duration-ms="11802" started-at="2020-06-19T12:20:39 IST" finished-at="2020-06-19T12:20:51 IST">
          <reporter-output>
            <line>
              <![CDATA[Browser is launched]]>
            </line>
            <line>
              <![CDATA[enter url]]>
            </line>
          </reporter-output>
        </test-method> <!-- configBC -->
        <test-method status="PASS" signature="configBM()[pri:0, instance:com.oneDayCart.testScript.scrollMoveTop@59e5ddf]" name="configBM" is-config="true" duration-ms="12037" started-at="2020-06-19T12:20:51 IST" finished-at="2020-06-19T12:21:03 IST">
          <reporter-output>
            <line>
              <![CDATA[click on logIn link]]>
            </line>
            <line>
              <![CDATA[enter email and password]]>
            </line>
          </reporter-output>
        </test-method> <!-- configBM -->
        <test-method status="PASS" signature="scrollTop()[pri:0, instance:com.oneDayCart.testScript.scrollMoveTop@59e5ddf]" name="scrollTop" duration-ms="2175" started-at="2020-06-19T12:21:03 IST" finished-at="2020-06-19T12:21:05 IST">
          <reporter-output>
            <line>
              <![CDATA[click on scroll up button]]>
            </line>
            <line>
              <![CDATA[click on my cart link]]>
            </line>
          </reporter-output>
        </test-method> <!-- scrollTop -->
        <test-method status="PASS" signature="configAM()[pri:0, instance:com.oneDayCart.testScript.scrollMoveTop@59e5ddf]" name="configAM" is-config="true" duration-ms="3045" started-at="2020-06-19T12:21:05 IST" finished-at="2020-06-19T12:21:08 IST">
          <reporter-output>
            <line>
              <![CDATA[click on logOut Link]]>
            </line>
          </reporter-output>
        </test-method> <!-- configAM -->
        <test-method status="PASS" signature="configAC()[pri:0, instance:com.oneDayCart.testScript.scrollMoveTop@59e5ddf]" name="configAC" is-config="true" duration-ms="625" started-at="2020-06-19T12:21:08 IST" finished-at="2020-06-19T12:21:09 IST">
          <reporter-output>
            <line>
              <![CDATA[browser closed]]>
            </line>
          </reporter-output>
        </test-method> <!-- configAC -->
      </class> <!-- com.oneDayCart.testScript.scrollMoveTop -->
      <class name="com.oneDayCart.testScript.MyWalletTest">
        <test-method status="PASS" signature="configBC()[pri:0, instance:com.oneDayCart.testScript.MyWalletTest@536aaa8d]" name="configBC" is-config="true" duration-ms="39589" started-at="2020-06-19T12:21:09 IST" finished-at="2020-06-19T12:21:49 IST">
          <reporter-output>
            <line>
              <![CDATA[Browser is launched]]>
            </line>
            <line>
              <![CDATA[enter url]]>
            </line>
          </reporter-output>
        </test-method> <!-- configBC -->
        <test-method status="FAIL" signature="configBM()[pri:0, instance:com.oneDayCart.testScript.MyWalletTest@536aaa8d]" name="configBM" is-config="true" duration-ms="25706" started-at="2020-06-19T12:21:49 IST" finished-at="2020-06-19T12:22:14 IST">
          <exception class="org.openqa.selenium.NoSuchElementException">
            <message>
              <![CDATA[no such element: Unable to locate element: {"method":"css selector","selector":"#email"}
  (Session info: chrome=83.0.4103.106)
For documentation on this error, please visit: https://www.seleniumhq.org/exceptions/no_such_element.html
Build info: version: '3.141.59', revision: 'e82be7d358', time: '2018-11-14T08:17:03'
System info: host: 'NITHESH-GOWDA', ip: '192.168.43.140', os.name: 'Windows 8.1', os.arch: 'amd64', os.version: '6.3', java.version: '1.8.0_241'
Driver info: org.openqa.selenium.chrome.ChromeDriver
Capabilities {acceptInsecureCerts: false, browserName: chrome, browserVersion: 83.0.4103.106, chrome: {chromedriverVersion: 83.0.4103.39 (ccbf011cb2d2b..., userDataDir: C:\Users\user\AppData\Local...}, goog:chromeOptions: {debuggerAddress: localhost:60655}, javascriptEnabled: true, networkConnectionEnabled: false, pageLoadStrategy: normal, platform: WINDOWS, platformName: WINDOWS, proxy: Proxy(), setWindowRect: true, strictFileInteractability: false, timeouts: {implicit: 0, pageLoad: 300000, script: 30000}, unhandledPromptBehavior: dismiss and notify, webauthn:virtualAuthenticators: true}
Session ID: c97e49bbfa2639628bc4dcb428eb6e27
*** Element info: {Using=id, value=email}]]>
            </message>
            <full-stacktrace>
              <![CDATA[org.openqa.selenium.NoSuchElementException: no such element: Unable to locate element: {"method":"css selector","selector":"#email"}
  (Session info: chrome=83.0.4103.106)
For documentation on this error, please visit: https://www.seleniumhq.org/exceptions/no_such_element.html
Build info: version: '3.141.59', revision: 'e82be7d358', time: '2018-11-14T08:17:03'
System info: host: 'NITHESH-GOWDA', ip: '192.168.43.140', os.name: 'Windows 8.1', os.arch: 'amd64', os.version: '6.3', java.version: '1.8.0_241'
Driver info: org.openqa.selenium.chrome.ChromeDriver
Capabilities {acceptInsecureCerts: false, browserName: chrome, browserVersion: 83.0.4103.106, chrome: {chromedriverVersion: 83.0.4103.39 (ccbf011cb2d2b..., userDataDir: C:\Users\user\AppData\Local...}, goog:chromeOptions: {debuggerAddress: localhost:60655}, javascriptEnabled: true, networkConnectionEnabled: false, pageLoadStrategy: normal, platform: WINDOWS, platformName: WINDOWS, proxy: Proxy(), setWindowRect: true, strictFileInteractability: false, timeouts: {implicit: 0, pageLoad: 300000, script: 30000}, unhandledPromptBehavior: dismiss and notify, webauthn:virtualAuthenticators: true}
Session ID: c97e49bbfa2639628bc4dcb428eb6e27
*** Element info: {Using=id, value=email}
at sun.reflect.NativeConstructorAccessorImpl.newInstance0(Native Method)
at sun.reflect.NativeConstructorAccessorImpl.newInstance(Unknown Source)
at sun.reflect.DelegatingConstructorAccessorImpl.newInstance(Unknown Source)
at java.lang.reflect.Constructor.newInstance(Unknown Source)
at org.openqa.selenium.remote.http.W3CHttpResponseCodec.createException(W3CHttpResponseCodec.java:187)
at org.openqa.selenium.remote.http.W3CHttpResponseCodec.decode(W3CHttpResponseCodec.java:122)
at org.openqa.selenium.remote.http.W3CHttpResponseCodec.decode(W3CHttpResponseCodec.java:49)
at org.openqa.selenium.remote.HttpCommandExecutor.execute(HttpCommandExecutor.java:158)
at org.openqa.selenium.remote.service.DriverCommandExecutor.execute(DriverCommandExecutor.java:83)
at org.openqa.selenium.remote.RemoteWebDriver.execute(RemoteWebDriver.java:552)
at org.openqa.selenium.remote.RemoteWebDriver.findElement(RemoteWebDriver.java:323)
at org.openqa.selenium.remote.RemoteWebDriver.findElementById(RemoteWebDriver.java:372)
at org.openqa.selenium.By$ById.findElement(By.java:188)
at org.openqa.selenium.remote.RemoteWebDriver.findElement(RemoteWebDriver.java:315)
at org.openqa.selenium.support.pagefactory.DefaultElementLocator.findElement(DefaultElementLocator.java:69)
at org.openqa.selenium.support.pagefactory.internal.LocatingElementHandler.invoke(LocatingElementHandler.java:38)
at com.sun.proxy.$Proxy13.sendKeys(Unknown Source)
at com.oneDayCart.PageObject.LoginPage.login(LoginPage.java:23)
at com.oneDayCart.GenericLib.Base.configBM(Base.java:52)
at sun.reflect.NativeMethodAccessorImpl.invoke0(Native Method)
at sun.reflect.NativeMethodAccessorImpl.invoke(Unknown Source)
at sun.reflect.DelegatingMethodAccessorImpl.invoke(Unknown Source)
at java.lang.reflect.Method.invoke(Unknown Source)
at org.testng.internal.MethodInvocationHelper.invokeMethod(MethodInvocationHelper.java:134)
at org.testng.internal.MethodInvocationHelper.invokeMethodConsideringTimeout(MethodInvocationHelper.java:63)
at org.testng.internal.ConfigInvoker.invokeConfigurationMethod(ConfigInvoker.java:348)
at org.testng.internal.ConfigInvoker.invokeConfigurations(ConfigInvoker.java:302)
at org.testng.internal.TestInvoker.runConfigMethods(TestInvoker.java:695)
at org.testng.internal.TestInvoker.invokeMethod(TestInvoker.java:523)
at org.testng.internal.TestInvoker.invokeTestMethod(TestInvoker.java:173)
at org.testng.internal.MethodRunner.runInSequence(MethodRunner.java:46)
at org.testng.internal.TestInvoker$MethodInvocationAgent.invoke(TestInvoker.java:816)
at org.testng.internal.TestInvoker.invokeTestMethods(TestInvoker.java:146)
at org.testng.internal.TestMethodWorker.invokeTestMethods(TestMethodWorker.java:146)
at org.testng.internal.TestMethodWorker.run(TestMethodWorker.java:128)
at java.util.ArrayList.forEach(Unknown Source)
at org.testng.TestRunner.privateRun(TestRunner.java:766)
at org.testng.TestRunner.run(TestRunner.java:587)
at org.testng.SuiteRunner.runTest(SuiteRunner.java:384)
at org.testng.SuiteRunner.runSequentially(SuiteRunner.java:378)
at org.testng.SuiteRunner.privateRun(SuiteRunner.java:337)
at org.testng.SuiteRunner.run(SuiteRunner.java:286)
at org.testng.SuiteRunnerWorker.runSuite(SuiteRunnerWorker.java:53)
at org.testng.SuiteRunnerWorker.run(SuiteRunnerWorker.java:96)
at org.testng.TestNG.runSuitesSequentially(TestNG.java:1187)
at org.testng.TestNG.runSuitesLocally(TestNG.java:1109)
at org.testng.TestNG.runSuites(TestNG.java:1039)
at org.testng.TestNG.run(TestNG.java:1007)
at org.testng.remote.AbstractRemoteTestNG.run(AbstractRemoteTestNG.java:115)
at org.testng.remote.RemoteTestNG.initAndRun(RemoteTestNG.java:251)
at org.testng.remote.RemoteTestNG.main(RemoteTestNG.java:77)
]]>
            </full-stacktrace>
          </exception> <!-- org.openqa.selenium.NoSuchElementException -->
          <reporter-output>
            <line>
              <![CDATA[click on logIn link]]>
            </line>
          </reporter-output>
        </test-method> <!-- configBM -->
        <test-method status="SKIP" signature="myWallet()[pri:0, instance:com.oneDayCart.testScript.MyWalletTest@536aaa8d]" name="myWallet" duration-ms="0" started-at="2020-06-19T12:22:14 IST" finished-at="2020-06-19T12:22:14 IST">
          <exception class="org.openqa.selenium.NoSuchElementException">
            <message>
              <![CDATA[no such element: Unable to locate element: {"method":"css selector","selector":"#email"}
  (Session info: chrome=83.0.4103.106)
For documentation on this error, please visit: https://www.seleniumhq.org/exceptions/no_such_element.html
Build info: version: '3.141.59', revision: 'e82be7d358', time: '2018-11-14T08:17:03'
System info: host: 'NITHESH-GOWDA', ip: '192.168.43.140', os.name: 'Windows 8.1', os.arch: 'amd64', os.version: '6.3', java.version: '1.8.0_241'
Driver info: org.openqa.selenium.chrome.ChromeDriver
Capabilities {acceptInsecureCerts: false, browserName: chrome, browserVersion: 83.0.4103.106, chrome: {chromedriverVersion: 83.0.4103.39 (ccbf011cb2d2b..., userDataDir: C:\Users\user\AppData\Local...}, goog:chromeOptions: {debuggerAddress: localhost:60655}, javascriptEnabled: true, networkConnectionEnabled: false, pageLoadStrategy: normal, platform: WINDOWS, platformName: WINDOWS, proxy: Proxy(), setWindowRect: true, strictFileInteractability: false, timeouts: {implicit: 0, pageLoad: 300000, script: 30000}, unhandledPromptBehavior: dismiss and notify, webauthn:virtualAuthenticators: true}
Session ID: c97e49bbfa2639628bc4dcb428eb6e27
*** Element info: {Using=id, value=email}]]>
            </message>
            <full-stacktrace>
              <![CDATA[org.openqa.selenium.NoSuchElementException: no such element: Unable to locate element: {"method":"css selector","selector":"#email"}
  (Session info: chrome=83.0.4103.106)
For documentation on this error, please visit: https://www.seleniumhq.org/exceptions/no_such_element.html
Build info: version: '3.141.59', revision: 'e82be7d358', time: '2018-11-14T08:17:03'
System info: host: 'NITHESH-GOWDA', ip: '192.168.43.140', os.name: 'Windows 8.1', os.arch: 'amd64', os.version: '6.3', java.version: '1.8.0_241'
Driver info: org.openqa.selenium.chrome.ChromeDriver
Capabilities {acceptInsecureCerts: false, browserName: chrome, browserVersion: 83.0.4103.106, chrome: {chromedriverVersion: 83.0.4103.39 (ccbf011cb2d2b..., userDataDir: C:\Users\user\AppData\Local...}, goog:chromeOptions: {debuggerAddress: localhost:60655}, javascriptEnabled: true, networkConnectionEnabled: false, pageLoadStrategy: normal, platform: WINDOWS, platformName: WINDOWS, proxy: Proxy(), setWindowRect: true, strictFileInteractability: false, timeouts: {implicit: 0, pageLoad: 300000, script: 30000}, unhandledPromptBehavior: dismiss and notify, webauthn:virtualAuthenticators: true}
Session ID: c97e49bbfa2639628bc4dcb428eb6e27
*** Element info: {Using=id, value=email}
at sun.reflect.NativeConstructorAccessorImpl.newInstance0(Native Method)
at sun.reflect.NativeConstructorAccessorImpl.newInstance(Unknown Source)
at sun.reflect.DelegatingConstructorAccessorImpl.newInstance(Unknown Source)
at java.lang.reflect.Constructor.newInstance(Unknown Source)
at org.openqa.selenium.remote.http.W3CHttpResponseCodec.createException(W3CHttpResponseCodec.java:187)
at org.openqa.selenium.remote.http.W3CHttpResponseCodec.decode(W3CHttpResponseCodec.java:122)
at org.openqa.selenium.remote.http.W3CHttpResponseCodec.decode(W3CHttpResponseCodec.java:49)
at org.openqa.selenium.remote.HttpCommandExecutor.execute(HttpCommandExecutor.java:158)
at org.openqa.selenium.remote.service.DriverCommandExecutor.execute(DriverCommandExecutor.java:83)
at org.openqa.selenium.remote.RemoteWebDriver.execute(RemoteWebDriver.java:552)
at org.openqa.selenium.remote.RemoteWebDriver.findElement(RemoteWebDriver.java:323)
at org.openqa.selenium.remote.RemoteWebDriver.findElementById(RemoteWebDriver.java:372)
at org.openqa.selenium.By$ById.findElement(By.java:188)
at org.openqa.selenium.remote.RemoteWebDriver.findElement(RemoteWebDriver.java:315)
at org.openqa.selenium.support.pagefactory.DefaultElementLocator.findElement(DefaultElementLocator.java:69)
at org.openqa.selenium.support.pagefactory.internal.LocatingElementHandler.invoke(LocatingElementHandler.java:38)
at com.sun.proxy.$Proxy13.sendKeys(Unknown Source)
at com.oneDayCart.PageObject.LoginPage.login(LoginPage.java:23)
at com.oneDayCart.GenericLib.Base.configBM(Base.java:52)
at sun.reflect.NativeMethodAccessorImpl.invoke0(Native Method)
at sun.reflect.NativeMethodAccessorImpl.invoke(Unknown Source)
at sun.reflect.DelegatingMethodAccessorImpl.invoke(Unknown Source)
at java.lang.reflect.Method.invoke(Unknown Source)
at org.testng.internal.MethodInvocationHelper.invokeMethod(MethodInvocationHelper.java:134)
at org.testng.internal.MethodInvocationHelper.invokeMethodConsideringTimeout(MethodInvocationHelper.java:63)
at org.testng.internal.ConfigInvoker.invokeConfigurationMethod(ConfigInvoker.java:348)
at org.testng.internal.ConfigInvoker.invokeConfigurations(ConfigInvoker.java:302)
at org.testng.internal.TestInvoker.runConfigMethods(TestInvoker.java:695)
at org.testng.internal.TestInvoker.invokeMethod(TestInvoker.java:523)
at org.testng.internal.TestInvoker.invokeTestMethod(TestInvoker.java:173)
at org.testng.internal.MethodRunner.runInSequence(MethodRunner.java:46)
at org.testng.internal.TestInvoker$MethodInvocationAgent.invoke(TestInvoker.java:816)
at org.testng.internal.TestInvoker.invokeTestMethods(TestInvoker.java:146)
at org.testng.internal.TestMethodWorker.invokeTestMethods(TestMethodWorker.java:146)
at org.testng.internal.TestMethodWorker.run(TestMethodWorker.java:128)
at java.util.ArrayList.forEach(Unknown Source)
at org.testng.TestRunner.privateRun(TestRunner.java:766)
at org.testng.TestRunner.run(TestRunner.java:587)
at org.testng.SuiteRunner.runTest(SuiteRunner.java:384)
at org.testng.SuiteRunner.runSequentially(SuiteRunner.java:378)
at org.testng.SuiteRunner.privateRun(SuiteRunner.java:337)
at org.testng.SuiteRunner.run(SuiteRunner.java:286)
at org.testng.SuiteRunnerWorker.runSuite(SuiteRunnerWorker.java:53)
at org.testng.SuiteRunnerWorker.run(SuiteRunnerWorker.java:96)
at org.testng.TestNG.runSuitesSequentially(TestNG.java:1187)
at org.testng.TestNG.runSuitesLocally(TestNG.java:1109)
at org.testng.TestNG.runSuites(TestNG.java:1039)
at org.testng.TestNG.run(TestNG.java:1007)
at org.testng.remote.AbstractRemoteTestNG.run(AbstractRemoteTestNG.java:115)
at org.testng.remote.RemoteTestNG.initAndRun(RemoteTestNG.java:251)
at org.testng.remote.RemoteTestNG.main(RemoteTestNG.java:77)
]]>
            </full-stacktrace>
          </exception> <!-- org.openqa.selenium.NoSuchElementException -->
          <reporter-output>
          </reporter-output>
        </test-method> <!-- myWallet -->
        <test-method status="SKIP" signature="configAM()[pri:0, instance:com.oneDayCart.testScript.MyWalletTest@536aaa8d]" name="configAM" is-config="true" duration-ms="-1592549534823" started-at="2020-06-19T12:22:14 IST" finished-at="1970-01-01T05:30:00 IST">
          <reporter-output>
          </reporter-output>
        </test-method> <!-- configAM -->
        <test-method status="SKIP" signature="configAC()[pri:0, instance:com.oneDayCart.testScript.MyWalletTest@536aaa8d]" name="configAC" is-config="true" duration-ms="-1592549534827" started-at="2020-06-19T12:22:14 IST" finished-at="1970-01-01T05:30:00 IST">
          <reporter-output>
          </reporter-output>
        </test-method> <!-- configAC -->
      </class> <!-- com.oneDayCart.testScript.MyWalletTest -->
      <class name="com.oneDayCart.testScript.RemoveCartItemsTest">
        <test-method status="PASS" signature="configBC()[pri:0, instance:com.oneDayCart.testScript.RemoveCartItemsTest@1f57539]" name="configBC" is-config="true" duration-ms="11120" started-at="2020-06-19T12:24:14 IST" finished-at="2020-06-19T12:24:26 IST">
          <reporter-output>
            <line>
              <![CDATA[Browser is launched]]>
            </line>
            <line>
              <![CDATA[enter url]]>
            </line>
          </reporter-output>
        </test-method> <!-- configBC -->
        <test-method status="PASS" signature="configBM()[pri:0, instance:com.oneDayCart.testScript.RemoveCartItemsTest@1f57539]" name="configBM" is-config="true" duration-ms="9946" started-at="2020-06-19T12:24:26 IST" finished-at="2020-06-19T12:24:35 IST">
          <reporter-output>
            <line>
              <![CDATA[click on logIn link]]>
            </line>
            <line>
              <![CDATA[enter email and password]]>
            </line>
          </reporter-output>
        </test-method> <!-- configBM -->
        <test-method status="PASS" signature="removecartItemTest()[pri:0, instance:com.oneDayCart.testScript.RemoveCartItemsTest@1f57539]" name="removecartItemTest" duration-ms="51248" started-at="2020-06-19T12:24:35 IST" finished-at="2020-06-19T12:25:27 IST">
          <reporter-output>
            <line>
              <![CDATA[removing item from cart]]>
            </line>
          </reporter-output>
        </test-method> <!-- removecartItemTest -->
        <test-method status="PASS" signature="configAM()[pri:0, instance:com.oneDayCart.testScript.RemoveCartItemsTest@1f57539]" name="configAM" is-config="true" duration-ms="25305" started-at="2020-06-19T12:25:27 IST" finished-at="2020-06-19T12:25:52 IST">
          <reporter-output>
            <line>
              <![CDATA[click on logOut Link]]>
            </line>
          </reporter-output>
        </test-method> <!-- configAM -->
        <test-method status="PASS" signature="configAC()[pri:0, instance:com.oneDayCart.testScript.RemoveCartItemsTest@1f57539]" name="configAC" is-config="true" duration-ms="2228" started-at="2020-06-19T12:25:52 IST" finished-at="2020-06-19T12:25:54 IST">
          <reporter-output>
            <line>
              <![CDATA[browser closed]]>
            </line>
          </reporter-output>
        </test-method> <!-- configAC -->
      </class> <!-- com.oneDayCart.testScript.RemoveCartItemsTest -->
      <class name="com.oneDayCart.testScript.moveCompare">
        <test-method status="PASS" signature="configBC()[pri:0, instance:com.oneDayCart.testScript.moveCompare@4b1c1ea0]" name="configBC" is-config="true" duration-ms="16312" started-at="2020-06-19T12:08:14 IST" finished-at="2020-06-19T12:08:30 IST">
          <reporter-output>
            <line>
              <![CDATA[Browser is launched]]>
            </line>
            <line>
              <![CDATA[enter url]]>
            </line>
          </reporter-output>
        </test-method> <!-- configBC -->
        <test-method status="PASS" signature="configBM()[pri:0, instance:com.oneDayCart.testScript.moveCompare@4b1c1ea0]" name="configBM" is-config="true" duration-ms="33024" started-at="2020-06-19T12:08:30 IST" finished-at="2020-06-19T12:09:03 IST">
          <reporter-output>
            <line>
              <![CDATA[click on logIn link]]>
            </line>
            <line>
              <![CDATA[enter email and password]]>
            </line>
          </reporter-output>
        </test-method> <!-- configBM -->
        <test-method status="PASS" signature="Comp()[pri:0, instance:com.oneDayCart.testScript.moveCompare@4b1c1ea0]" name="Comp" duration-ms="24070" started-at="2020-06-19T12:09:03 IST" finished-at="2020-06-19T12:09:27 IST">
          <reporter-output>
            <line>
              <![CDATA[click on blend oil]]>
            </line>
            <line>
              <![CDATA[compared the name]]>
            </line>
          </reporter-output>
        </test-method> <!-- Comp -->
        <test-method status="PASS" signature="configAM()[pri:0, instance:com.oneDayCart.testScript.moveCompare@4b1c1ea0]" name="configAM" is-config="true" duration-ms="617" started-at="2020-06-19T12:09:27 IST" finished-at="2020-06-19T12:09:28 IST">
          <reporter-output>
            <line>
              <![CDATA[click on logOut Link]]>
            </line>
          </reporter-output>
        </test-method> <!-- configAM -->
        <test-method status="PASS" signature="configAC()[pri:0, instance:com.oneDayCart.testScript.moveCompare@4b1c1ea0]" name="configAC" is-config="true" duration-ms="2169" started-at="2020-06-19T12:09:28 IST" finished-at="2020-06-19T12:09:30 IST">
          <reporter-output>
            <line>
              <![CDATA[browser closed]]>
            </line>
          </reporter-output>
        </test-method> <!-- configAC -->
      </class> <!-- com.oneDayCart.testScript.moveCompare -->
      <class name="com.oneDayCart.testScript.SendWishListByMailTest">
        <test-method status="PASS" signature="configBC()[pri:0, instance:com.oneDayCart.testScript.SendWishListByMailTest@2d8f65a4]" name="configBC" is-config="true" duration-ms="12940" started-at="2020-06-19T12:18:31 IST" finished-at="2020-06-19T12:18:44 IST">
          <reporter-output>
            <line>
              <![CDATA[Browser is launched]]>
            </line>
            <line>
              <![CDATA[enter url]]>
            </line>
          </reporter-output>
        </test-method> <!-- configBC -->
        <test-method status="PASS" signature="configBM()[pri:0, instance:com.oneDayCart.testScript.SendWishListByMailTest@2d8f65a4]" name="configBM" is-config="true" duration-ms="10664" started-at="2020-06-19T12:18:44 IST" finished-at="2020-06-19T12:18:55 IST">
          <reporter-output>
            <line>
              <![CDATA[click on logIn link]]>
            </line>
            <line>
              <![CDATA[enter email and password]]>
            </line>
          </reporter-output>
        </test-method> <!-- configBM -->
        <test-method status="PASS" signature="sendWishlistprodInMailTest(java.lang.String, java.lang.String)[pri:0, instance:com.oneDayCart.testScript.SendWishListByMailTest@2d8f65a4]" name="sendWishlistprodInMailTest" duration-ms="15073" started-at="2020-06-19T12:18:55 IST" data-provider="readData" finished-at="2020-06-19T12:19:10 IST">
          <params>
            <param index="0">
              <value>
                <![CDATA[nitheshdemo@gmail.com,nitheshhs123@gmail.com]]>
              </value>
            </param>
            <param index="1">
              <value>
                <![CDATA[dgjgjdsgj]]>
              </value>
            </param>
          </params>
          <reporter-output>
            <line>
              <![CDATA[click on share wish list button]]>
            </line>
            <line>
              <![CDATA[enter emails]]>
            </line>
            <line>
              <![CDATA[enter message]]>
            </line>
            <line>
              <![CDATA[click on share wishlist]]>
            </line>
          </reporter-output>
        </test-method> <!-- sendWishlistprodInMailTest -->
        <test-method status="PASS" signature="configAM()[pri:0, instance:com.oneDayCart.testScript.SendWishListByMailTest@2d8f65a4]" name="configAM" is-config="true" duration-ms="5608" started-at="2020-06-19T12:19:10 IST" finished-at="2020-06-19T12:19:16 IST">
          <reporter-output>
            <line>
              <![CDATA[click on logOut Link]]>
            </line>
          </reporter-output>
        </test-method> <!-- configAM -->
        <test-method status="PASS" signature="configAC()[pri:0, instance:com.oneDayCart.testScript.SendWishListByMailTest@2d8f65a4]" name="configAC" is-config="true" duration-ms="288" started-at="2020-06-19T12:19:16 IST" finished-at="2020-06-19T12:19:16 IST">
          <reporter-output>
            <line>
              <![CDATA[browser closed]]>
            </line>
          </reporter-output>
        </test-method> <!-- configAC -->
      </class> <!-- com.oneDayCart.testScript.SendWishListByMailTest -->
      <class name="com.oneDayCart.testScript.WishListTest">
        <test-method status="PASS" signature="configBC()[pri:0, instance:com.oneDayCart.testScript.WishListTest@27a8c74e]" name="configBC" is-config="true" duration-ms="13381" started-at="2020-06-19T12:17:44 IST" finished-at="2020-06-19T12:17:57 IST">
          <reporter-output>
            <line>
              <![CDATA[Browser is launched]]>
            </line>
            <line>
              <![CDATA[enter url]]>
            </line>
          </reporter-output>
        </test-method> <!-- configBC -->
        <test-method status="PASS" signature="configBM()[pri:0, instance:com.oneDayCart.testScript.WishListTest@27a8c74e]" name="configBM" is-config="true" duration-ms="12368" started-at="2020-06-19T12:17:57 IST" finished-at="2020-06-19T12:18:09 IST">
          <reporter-output>
            <line>
              <![CDATA[click on logIn link]]>
            </line>
            <line>
              <![CDATA[enter email and password]]>
            </line>
          </reporter-output>
        </test-method> <!-- configBM -->
        <test-method status="PASS" signature="moveItemToWishlistTest()[pri:0, instance:com.oneDayCart.testScript.WishListTest@27a8c74e]" name="moveItemToWishlistTest" duration-ms="16762" started-at="2020-06-19T12:18:09 IST" finished-at="2020-06-19T12:18:26 IST">
          <reporter-output>
            <line>
              <![CDATA[move items to wishlist]]>
            </line>
          </reporter-output>
        </test-method> <!-- moveItemToWishlistTest -->
        <test-method status="PASS" signature="configAM()[pri:0, instance:com.oneDayCart.testScript.WishListTest@27a8c74e]" name="configAM" is-config="true" duration-ms="4862" started-at="2020-06-19T12:18:26 IST" finished-at="2020-06-19T12:18:31 IST">
          <reporter-output>
            <line>
              <![CDATA[click on logOut Link]]>
            </line>
          </reporter-output>
        </test-method> <!-- configAM -->
        <test-method status="PASS" signature="configAC()[pri:0, instance:com.oneDayCart.testScript.WishListTest@27a8c74e]" name="configAC" is-config="true" duration-ms="242" started-at="2020-06-19T12:18:31 IST" finished-at="2020-06-19T12:18:31 IST">
          <reporter-output>
            <line>
              <![CDATA[browser closed]]>
            </line>
          </reporter-output>
        </test-method> <!-- configAC -->
      </class> <!-- com.oneDayCart.testScript.WishListTest -->
      <class name="com.oneDayCart.testScript.DeleteWishListTest">
        <test-method status="PASS" signature="configBC()[pri:0, instance:com.oneDayCart.testScript.DeleteWishListTest@e320068]" name="configBC" is-config="true" duration-ms="14526" started-at="2020-06-19T12:22:14 IST" finished-at="2020-06-19T12:22:29 IST">
          <reporter-output>
            <line>
              <![CDATA[Browser is launched]]>
            </line>
            <line>
              <![CDATA[enter url]]>
            </line>
          </reporter-output>
        </test-method> <!-- configBC -->
        <test-method status="PASS" signature="configBM()[pri:0, instance:com.oneDayCart.testScript.DeleteWishListTest@e320068]" name="configBM" is-config="true" duration-ms="14688" started-at="2020-06-19T12:22:29 IST" finished-at="2020-06-19T12:22:44 IST">
          <reporter-output>
            <line>
              <![CDATA[click on logIn link]]>
            </line>
            <line>
              <![CDATA[enter email and password]]>
            </line>
          </reporter-output>
        </test-method> <!-- configBM -->
        <test-method status="PASS" signature="deleteWishlistTest()[pri:0, instance:com.oneDayCart.testScript.DeleteWishListTest@e320068]" name="deleteWishlistTest" duration-ms="42918" started-at="2020-06-19T12:22:44 IST" finished-at="2020-06-19T12:23:26 IST">
          <reporter-output>
            <line>
              <![CDATA[move items to wishlist]]>
            </line>
            <line>
              <![CDATA[click on remove item]]>
            </line>
            <line>
              <![CDATA[Handling alert]]>
            </line>
          </reporter-output>
        </test-method> <!-- deleteWishlistTest -->
        <test-method status="PASS" signature="configAM()[pri:0, instance:com.oneDayCart.testScript.DeleteWishListTest@e320068]" name="configAM" is-config="true" duration-ms="47615" started-at="2020-06-19T12:23:26 IST" finished-at="2020-06-19T12:24:14 IST">
          <reporter-output>
            <line>
              <![CDATA[click on logOut Link]]>
            </line>
          </reporter-output>
        </test-method> <!-- configAM -->
        <test-method status="PASS" signature="configAC()[pri:0, instance:com.oneDayCart.testScript.DeleteWishListTest@e320068]" name="configAC" is-config="true" duration-ms="325" started-at="2020-06-19T12:24:14 IST" finished-at="2020-06-19T12:24:14 IST">
          <reporter-output>
            <line>
              <![CDATA[browser closed]]>
            </line>
          </reporter-output>
        </test-method> <!-- configAC -->
      </class> <!-- com.oneDayCart.testScript.DeleteWishListTest -->
      <class name="com.oneDayCart.testScript.continueShopping">
        <test-method status="PASS" signature="configBC()[pri:0, instance:com.oneDayCart.testScript.continueShopping@33f88ab]" name="configBC" is-config="true" duration-ms="13963" started-at="2020-06-19T12:17:08 IST" finished-at="2020-06-19T12:17:22 IST">
          <reporter-output>
            <line>
              <![CDATA[Browser is launched]]>
            </line>
            <line>
              <![CDATA[enter url]]>
            </line>
          </reporter-output>
        </test-method> <!-- configBC -->
        <test-method status="PASS" signature="configBM()[pri:0, instance:com.oneDayCart.testScript.continueShopping@33f88ab]" name="configBM" is-config="true" duration-ms="13163" started-at="2020-06-19T12:17:22 IST" finished-at="2020-06-19T12:17:35 IST">
          <reporter-output>
            <line>
              <![CDATA[click on logIn link]]>
            </line>
            <line>
              <![CDATA[enter email and password]]>
            </line>
          </reporter-output>
        </test-method> <!-- configBM -->
        <test-method status="FAIL" signature="continueShop()[pri:0, instance:com.oneDayCart.testScript.continueShopping@33f88ab]" name="continueShop" duration-ms="6681" started-at="2020-06-19T12:17:35 IST" finished-at="2020-06-19T12:17:42 IST">
          <exception class="org.openqa.selenium.TimeoutException">
            <message>
              <![CDATA[Expected condition failed: waiting for visibility of element located by [[ChromeDriver: chrome on WINDOWS (effd14fbd74859555b18b85c7cf30133)] -> link text: GROCERY] -> By.xpath: //a[.='Jaggery'] (tried for 5 second(s) with 500 milliseconds interval)
Build info: version: '3.141.59', revision: 'e82be7d358', time: '2018-11-14T08:17:03'
System info: host: 'NITHESH-GOWDA', ip: '192.168.43.140', os.name: 'Windows 8.1', os.arch: 'amd64', os.version: '6.3', java.version: '1.8.0_241'
Driver info: org.openqa.selenium.chrome.ChromeDriver
Capabilities {acceptInsecureCerts: false, browserName: chrome, browserVersion: 83.0.4103.106, chrome: {chromedriverVersion: 83.0.4103.39 (ccbf011cb2d2b..., userDataDir: C:\Users\user\AppData\Local...}, goog:chromeOptions: {debuggerAddress: localhost:60007}, javascriptEnabled: true, networkConnectionEnabled: false, pageLoadStrategy: normal, platform: WINDOWS, platformName: WINDOWS, proxy: Proxy(), setWindowRect: true, strictFileInteractability: false, timeouts: {implicit: 0, pageLoad: 300000, script: 30000}, unhandledPromptBehavior: dismiss and notify, webauthn:virtualAuthenticators: true}
Session ID: effd14fbd74859555b18b85c7cf30133]]>
            </message>
            <full-stacktrace>
              <![CDATA[org.openqa.selenium.TimeoutException: Expected condition failed: waiting for visibility of element located by [[ChromeDriver: chrome on WINDOWS (effd14fbd74859555b18b85c7cf30133)] -> link text: GROCERY] -> By.xpath: //a[.='Jaggery'] (tried for 5 second(s) with 500 milliseconds interval)
Build info: version: '3.141.59', revision: 'e82be7d358', time: '2018-11-14T08:17:03'
System info: host: 'NITHESH-GOWDA', ip: '192.168.43.140', os.name: 'Windows 8.1', os.arch: 'amd64', os.version: '6.3', java.version: '1.8.0_241'
Driver info: org.openqa.selenium.chrome.ChromeDriver
Capabilities {acceptInsecureCerts: false, browserName: chrome, browserVersion: 83.0.4103.106, chrome: {chromedriverVersion: 83.0.4103.39 (ccbf011cb2d2b..., userDataDir: C:\Users\user\AppData\Local...}, goog:chromeOptions: {debuggerAddress: localhost:60007}, javascriptEnabled: true, networkConnectionEnabled: false, pageLoadStrategy: normal, platform: WINDOWS, platformName: WINDOWS, proxy: Proxy(), setWindowRect: true, strictFileInteractability: false, timeouts: {implicit: 0, pageLoad: 300000, script: 30000}, unhandledPromptBehavior: dismiss and notify, webauthn:virtualAuthenticators: true}
Session ID: effd14fbd74859555b18b85c7cf30133
at org.openqa.selenium.support.ui.WebDriverWait.timeoutException(WebDriverWait.java:95)
at org.openqa.selenium.support.ui.FluentWait.until(FluentWait.java:272)
at com.oneDayCart.PageObject.HomePage.continueShopping(HomePage.java:461)
at com.oneDayCart.testScript.continueShopping.continueShop(continueShopping.java:17)
at sun.reflect.NativeMethodAccessorImpl.invoke0(Native Method)
at sun.reflect.NativeMethodAccessorImpl.invoke(Unknown Source)
at sun.reflect.DelegatingMethodAccessorImpl.invoke(Unknown Source)
at java.lang.reflect.Method.invoke(Unknown Source)
at org.testng.internal.MethodInvocationHelper.invokeMethod(MethodInvocationHelper.java:134)
at org.testng.internal.TestInvoker.invokeMethod(TestInvoker.java:597)
at org.testng.internal.TestInvoker.invokeTestMethod(TestInvoker.java:173)
at org.testng.internal.MethodRunner.runInSequence(MethodRunner.java:46)
at org.testng.internal.TestInvoker$MethodInvocationAgent.invoke(TestInvoker.java:816)
at org.testng.internal.TestInvoker.invokeTestMethods(TestInvoker.java:146)
at org.testng.internal.TestMethodWorker.invokeTestMethods(TestMethodWorker.java:146)
at org.testng.internal.TestMethodWorker.run(TestMethodWorker.java:128)
at java.util.ArrayList.forEach(Unknown Source)
at org.testng.TestRunner.privateRun(TestRunner.java:766)
at org.testng.TestRunner.run(TestRunner.java:587)
at org.testng.SuiteRunner.runTest(SuiteRunner.java:384)
at org.testng.SuiteRunner.runSequentially(SuiteRunner.java:378)
at org.testng.SuiteRunner.privateRun(SuiteRunner.java:337)
at org.testng.SuiteRunner.run(SuiteRunner.java:286)
at org.testng.SuiteRunnerWorker.runSuite(SuiteRunnerWorker.java:53)
at org.testng.SuiteRunnerWorker.run(SuiteRunnerWorker.java:96)
at org.testng.TestNG.runSuitesSequentially(TestNG.java:1187)
at org.testng.TestNG.runSuitesLocally(TestNG.java:1109)
at org.testng.TestNG.runSuites(TestNG.java:1039)
at org.testng.TestNG.run(TestNG.java:1007)
at org.testng.remote.AbstractRemoteTestNG.run(AbstractRemoteTestNG.java:115)
at org.testng.remote.RemoteTestNG.initAndRun(RemoteTestNG.java:251)
at org.testng.remote.RemoteTestNG.main(RemoteTestNG.java:77)
]]>
            </full-stacktrace>
          </exception> <!-- org.openqa.selenium.TimeoutException -->
          <reporter-output>
          </reporter-output>
        </test-method> <!-- continueShop -->
        <test-method status="PASS" signature="configAM()[pri:0, instance:com.oneDayCart.testScript.continueShopping@33f88ab]" name="configAM" is-config="true" duration-ms="660" started-at="2020-06-19T12:17:43 IST" finished-at="2020-06-19T12:17:43 IST">
          <reporter-output>
            <line>
              <![CDATA[click on logOut Link]]>
            </line>
          </reporter-output>
        </test-method> <!-- configAM -->
        <test-method status="PASS" signature="configAC()[pri:0, instance:com.oneDayCart.testScript.continueShopping@33f88ab]" name="configAC" is-config="true" duration-ms="228" started-at="2020-06-19T12:17:43 IST" finished-at="2020-06-19T12:17:44 IST">
          <reporter-output>
            <line>
              <![CDATA[browser closed]]>
            </line>
          </reporter-output>
        </test-method> <!-- configAC -->
      </class> <!-- com.oneDayCart.testScript.continueShopping -->
      <class name="com.oneDayCart.testScript.DeliveryLocationTest">
        <test-method status="PASS" signature="configBC()[pri:0, instance:com.oneDayCart.testScript.DeliveryLocationTest@4d41cee]" name="configBC" is-config="true" duration-ms="10337" started-at="2020-06-19T12:12:19 IST" finished-at="2020-06-19T12:12:29 IST">
          <reporter-output>
            <line>
              <![CDATA[Browser is launched]]>
            </line>
            <line>
              <![CDATA[enter url]]>
            </line>
          </reporter-output>
        </test-method> <!-- configBC -->
        <test-method status="PASS" signature="configBM()[pri:0, instance:com.oneDayCart.testScript.DeliveryLocationTest@4d41cee]" name="configBM" is-config="true" duration-ms="30288" started-at="2020-06-19T12:12:29 IST" finished-at="2020-06-19T12:13:00 IST">
          <reporter-output>
            <line>
              <![CDATA[click on logIn link]]>
            </line>
            <line>
              <![CDATA[enter email and password]]>
            </line>
          </reporter-output>
        </test-method> <!-- configBM -->
        <test-method status="PASS" signature="deliverylocTest()[pri:0, instance:com.oneDayCart.testScript.DeliveryLocationTest@4d41cee]" name="deliverylocTest" duration-ms="2051" started-at="2020-06-19T12:13:00 IST" finished-at="2020-06-19T12:13:02 IST">
          <reporter-output>
            <line>
              <![CDATA[enter pincode]]>
            </line>
            <line>
              <![CDATA[click on check button]]>
            </line>
            <line>
              <![CDATA[Delivery Available]]>
            </line>
          </reporter-output>
        </test-method> <!-- deliverylocTest -->
        <test-method status="FAIL" signature="configAM()[pri:0, instance:com.oneDayCart.testScript.DeliveryLocationTest@4d41cee]" name="configAM" is-config="true" duration-ms="20048" started-at="2020-06-19T12:13:02 IST" finished-at="2020-06-19T12:13:22 IST">
          <exception class="org.openqa.selenium.NoSuchElementException">
            <message>
              <![CDATA[no such element: Unable to locate element: {"method":"xpath","selector":"//button[.='']"}
  (Session info: chrome=83.0.4103.106)
For documentation on this error, please visit: https://www.seleniumhq.org/exceptions/no_such_element.html
Build info: version: '3.141.59', revision: 'e82be7d358', time: '2018-11-14T08:17:03'
System info: host: 'NITHESH-GOWDA', ip: '192.168.43.140', os.name: 'Windows 8.1', os.arch: 'amd64', os.version: '6.3', java.version: '1.8.0_241'
Driver info: org.openqa.selenium.chrome.ChromeDriver
Capabilities {acceptInsecureCerts: false, browserName: chrome, browserVersion: 83.0.4103.106, chrome: {chromedriverVersion: 83.0.4103.39 (ccbf011cb2d2b..., userDataDir: C:\Users\user\AppData\Local...}, goog:chromeOptions: {debuggerAddress: localhost:59584}, javascriptEnabled: true, networkConnectionEnabled: false, pageLoadStrategy: normal, platform: WINDOWS, platformName: WINDOWS, proxy: Proxy(), setWindowRect: true, strictFileInteractability: false, timeouts: {implicit: 0, pageLoad: 300000, script: 30000}, unhandledPromptBehavior: dismiss and notify, webauthn:virtualAuthenticators: true}
Session ID: e9c6a9ed25d58a18b67e3764a748fee2
*** Element info: {Using=xpath, value=//button[.='']}]]>
            </message>
            <full-stacktrace>
              <![CDATA[org.openqa.selenium.NoSuchElementException: no such element: Unable to locate element: {"method":"xpath","selector":"//button[.='']"}
  (Session info: chrome=83.0.4103.106)
For documentation on this error, please visit: https://www.seleniumhq.org/exceptions/no_such_element.html
Build info: version: '3.141.59', revision: 'e82be7d358', time: '2018-11-14T08:17:03'
System info: host: 'NITHESH-GOWDA', ip: '192.168.43.140', os.name: 'Windows 8.1', os.arch: 'amd64', os.version: '6.3', java.version: '1.8.0_241'
Driver info: org.openqa.selenium.chrome.ChromeDriver
Capabilities {acceptInsecureCerts: false, browserName: chrome, browserVersion: 83.0.4103.106, chrome: {chromedriverVersion: 83.0.4103.39 (ccbf011cb2d2b..., userDataDir: C:\Users\user\AppData\Local...}, goog:chromeOptions: {debuggerAddress: localhost:59584}, javascriptEnabled: true, networkConnectionEnabled: false, pageLoadStrategy: normal, platform: WINDOWS, platformName: WINDOWS, proxy: Proxy(), setWindowRect: true, strictFileInteractability: false, timeouts: {implicit: 0, pageLoad: 300000, script: 30000}, unhandledPromptBehavior: dismiss and notify, webauthn:virtualAuthenticators: true}
Session ID: e9c6a9ed25d58a18b67e3764a748fee2
*** Element info: {Using=xpath, value=//button[.='']}
at sun.reflect.NativeConstructorAccessorImpl.newInstance0(Native Method)
at sun.reflect.NativeConstructorAccessorImpl.newInstance(Unknown Source)
at sun.reflect.DelegatingConstructorAccessorImpl.newInstance(Unknown Source)
at java.lang.reflect.Constructor.newInstance(Unknown Source)
at org.openqa.selenium.remote.http.W3CHttpResponseCodec.createException(W3CHttpResponseCodec.java:187)
at org.openqa.selenium.remote.http.W3CHttpResponseCodec.decode(W3CHttpResponseCodec.java:122)
at org.openqa.selenium.remote.http.W3CHttpResponseCodec.decode(W3CHttpResponseCodec.java:49)
at org.openqa.selenium.remote.HttpCommandExecutor.execute(HttpCommandExecutor.java:158)
at org.openqa.selenium.remote.service.DriverCommandExecutor.execute(DriverCommandExecutor.java:83)
at org.openqa.selenium.remote.RemoteWebDriver.execute(RemoteWebDriver.java:552)
at org.openqa.selenium.remote.RemoteWebDriver.findElement(RemoteWebDriver.java:323)
at org.openqa.selenium.remote.RemoteWebDriver.findElementByXPath(RemoteWebDriver.java:428)
at org.openqa.selenium.By$ByXPath.findElement(By.java:353)
at org.openqa.selenium.remote.RemoteWebDriver.findElement(RemoteWebDriver.java:315)
at org.openqa.selenium.support.pagefactory.DefaultElementLocator.findElement(DefaultElementLocator.java:69)
at org.openqa.selenium.support.pagefactory.internal.LocatingElementHandler.invoke(LocatingElementHandler.java:38)
at com.sun.proxy.$Proxy13.click(Unknown Source)
at com.oneDayCart.GenericLib.Base.configAM(Base.java:58)
at sun.reflect.NativeMethodAccessorImpl.invoke0(Native Method)
at sun.reflect.NativeMethodAccessorImpl.invoke(Unknown Source)
at sun.reflect.DelegatingMethodAccessorImpl.invoke(Unknown Source)
at java.lang.reflect.Method.invoke(Unknown Source)
at org.testng.internal.MethodInvocationHelper.invokeMethod(MethodInvocationHelper.java:134)
at org.testng.internal.MethodInvocationHelper.invokeMethodConsideringTimeout(MethodInvocationHelper.java:63)
at org.testng.internal.ConfigInvoker.invokeConfigurationMethod(ConfigInvoker.java:348)
at org.testng.internal.ConfigInvoker.invokeConfigurations(ConfigInvoker.java:302)
at org.testng.internal.TestInvoker.runConfigMethods(TestInvoker.java:695)
at org.testng.internal.TestInvoker.runAfterGroupsConfigurations(TestInvoker.java:671)
at org.testng.internal.TestInvoker.invokeMethod(TestInvoker.java:655)
at org.testng.internal.TestInvoker.invokeTestMethod(TestInvoker.java:173)
at org.testng.internal.MethodRunner.runInSequence(MethodRunner.java:46)
at org.testng.internal.TestInvoker$MethodInvocationAgent.invoke(TestInvoker.java:816)
at org.testng.internal.TestInvoker.invokeTestMethods(TestInvoker.java:146)
at org.testng.internal.TestMethodWorker.invokeTestMethods(TestMethodWorker.java:146)
at org.testng.internal.TestMethodWorker.run(TestMethodWorker.java:128)
at java.util.ArrayList.forEach(Unknown Source)
at org.testng.TestRunner.privateRun(TestRunner.java:766)
at org.testng.TestRunner.run(TestRunner.java:587)
at org.testng.SuiteRunner.runTest(SuiteRunner.java:384)
at org.testng.SuiteRunner.runSequentially(SuiteRunner.java:378)
at org.testng.SuiteRunner.privateRun(SuiteRunner.java:337)
at org.testng.SuiteRunner.run(SuiteRunner.java:286)
at org.testng.SuiteRunnerWorker.runSuite(SuiteRunnerWorker.java:53)
at org.testng.SuiteRunnerWorker.run(SuiteRunnerWorker.java:96)
at org.testng.TestNG.runSuitesSequentially(TestNG.java:1187)
at org.testng.TestNG.runSuitesLocally(TestNG.java:1109)
at org.testng.TestNG.runSuites(TestNG.java:1039)
at org.testng.TestNG.run(TestNG.java:1007)
at org.testng.remote.AbstractRemoteTestNG.run(AbstractRemoteTestNG.java:115)
at org.testng.remote.RemoteTestNG.initAndRun(RemoteTestNG.java:251)
at org.testng.remote.RemoteTestNG.main(RemoteTestNG.java:77)
]]>
            </full-stacktrace>
          </exception> <!-- org.openqa.selenium.NoSuchElementException -->
          <reporter-output>
          </reporter-output>
        </test-method> <!-- configAM -->
        <test-method status="SKIP" signature="configAC()[pri:0, instance:com.oneDayCart.testScript.DeliveryLocationTest@4d41cee]" name="configAC" is-config="true" duration-ms="-1592549002217" started-at="2020-06-19T12:13:22 IST" finished-at="1970-01-01T05:30:00 IST">
          <reporter-output>
          </reporter-output>
        </test-method> <!-- configAC -->
      </class> <!-- com.oneDayCart.testScript.DeliveryLocationTest -->
      <class name="com.oneDayCart.testScript.ClearCartTest">
        <test-method status="PASS" signature="configBC()[pri:0, instance:com.oneDayCart.testScript.ClearCartTest@76f2b07d]" name="configBC" is-config="true" duration-ms="31279" started-at="2020-06-19T12:25:54 IST" finished-at="2020-06-19T12:26:26 IST">
          <reporter-output>
            <line>
              <![CDATA[Browser is launched]]>
            </line>
            <line>
              <![CDATA[enter url]]>
            </line>
          </reporter-output>
        </test-method> <!-- configBC -->
        <test-method status="PASS" signature="configBM()[pri:0, instance:com.oneDayCart.testScript.ClearCartTest@76f2b07d]" name="configBM" is-config="true" duration-ms="48330" started-at="2020-06-19T12:26:26 IST" finished-at="2020-06-19T12:27:14 IST">
          <reporter-output>
            <line>
              <![CDATA[click on logIn link]]>
            </line>
            <line>
              <![CDATA[enter email and password]]>
            </line>
          </reporter-output>
        </test-method> <!-- configBM -->
        <test-method status="PASS" signature="clearcartTest()[pri:0, instance:com.oneDayCart.testScript.ClearCartTest@76f2b07d]" name="clearcartTest" duration-ms="48899" started-at="2020-06-19T12:27:14 IST" finished-at="2020-06-19T12:28:03 IST">
          <reporter-output>
            <line>
              <![CDATA[cleared cart items]]>
            </line>
          </reporter-output>
        </test-method> <!-- clearcartTest -->
        <test-method status="PASS" signature="configAM()[pri:0, instance:com.oneDayCart.testScript.ClearCartTest@76f2b07d]" name="configAM" is-config="true" duration-ms="24208" started-at="2020-06-19T12:28:03 IST" finished-at="2020-06-19T12:28:27 IST">
          <reporter-output>
            <line>
              <![CDATA[click on logOut Link]]>
            </line>
          </reporter-output>
        </test-method> <!-- configAM -->
        <test-method status="PASS" signature="configAC()[pri:0, instance:com.oneDayCart.testScript.ClearCartTest@76f2b07d]" name="configAC" is-config="true" duration-ms="2196" started-at="2020-06-19T12:28:27 IST" finished-at="2020-06-19T12:28:29 IST">
          <reporter-output>
            <line>
              <![CDATA[browser closed]]>
            </line>
          </reporter-output>
        </test-method> <!-- configAC -->
      </class> <!-- com.oneDayCart.testScript.ClearCartTest -->
      <class name="com.oneDayCart.testScript.AddAllCartTest">
        <test-method status="PASS" signature="configBC()[pri:0, instance:com.oneDayCart.testScript.AddAllCartTest@1b68ddbd]" name="configBC" is-config="true" duration-ms="13489" started-at="2020-06-19T12:19:16 IST" finished-at="2020-06-19T12:19:30 IST">
          <reporter-output>
            <line>
              <![CDATA[Browser is launched]]>
            </line>
            <line>
              <![CDATA[enter url]]>
            </line>
          </reporter-output>
        </test-method> <!-- configBC -->
        <test-method status="PASS" signature="configBM()[pri:0, instance:com.oneDayCart.testScript.AddAllCartTest@1b68ddbd]" name="configBM" is-config="true" duration-ms="11760" started-at="2020-06-19T12:19:30 IST" finished-at="2020-06-19T12:19:41 IST">
          <reporter-output>
            <line>
              <![CDATA[click on logIn link]]>
            </line>
            <line>
              <![CDATA[enter email and password]]>
            </line>
          </reporter-output>
        </test-method> <!-- configBM -->
        <test-method status="PASS" signature="addAllToCartTest()[pri:0, instance:com.oneDayCart.testScript.AddAllCartTest@1b68ddbd]" name="addAllToCartTest" duration-ms="13430" started-at="2020-06-19T12:19:41 IST" finished-at="2020-06-19T12:19:55 IST">
          <reporter-output>
            <line>
              <![CDATA[click on add all to cart button]]>
            </line>
          </reporter-output>
        </test-method> <!-- addAllToCartTest -->
        <test-method status="PASS" signature="configAM()[pri:0, instance:com.oneDayCart.testScript.AddAllCartTest@1b68ddbd]" name="configAM" is-config="true" duration-ms="4595" started-at="2020-06-19T12:19:55 IST" finished-at="2020-06-19T12:19:59 IST">
          <reporter-output>
            <line>
              <![CDATA[click on logOut Link]]>
            </line>
          </reporter-output>
        </test-method> <!-- configAM -->
        <test-method status="PASS" signature="configAC()[pri:0, instance:com.oneDayCart.testScript.AddAllCartTest@1b68ddbd]" name="configAC" is-config="true" duration-ms="256" started-at="2020-06-19T12:19:59 IST" finished-at="2020-06-19T12:20:00 IST">
          <reporter-output>
            <line>
              <![CDATA[browser closed]]>
            </line>
          </reporter-output>
        </test-method> <!-- configAC -->
      </class> <!-- com.oneDayCart.testScript.AddAllCartTest -->
      <class name="com.oneDayCart.testScript.SearchBarTest">
        <test-method status="PASS" signature="configBC()[pri:0, instance:com.oneDayCart.testScript.SearchBarTest@3712b94]" name="configBC" is-config="true" duration-ms="13362" started-at="2020-06-19T12:13:22 IST" finished-at="2020-06-19T12:13:35 IST">
          <reporter-output>
            <line>
              <![CDATA[Browser is launched]]>
            </line>
            <line>
              <![CDATA[enter url]]>
            </line>
          </reporter-output>
        </test-method> <!-- configBC -->
        <test-method status="PASS" signature="configBM()[pri:0, instance:com.oneDayCart.testScript.SearchBarTest@3712b94]" name="configBM" is-config="true" duration-ms="46906" started-at="2020-06-19T12:13:35 IST" finished-at="2020-06-19T12:14:22 IST">
          <reporter-output>
            <line>
              <![CDATA[click on logIn link]]>
            </line>
            <line>
              <![CDATA[enter email and password]]>
            </line>
          </reporter-output>
        </test-method> <!-- configBM -->
        <test-method status="PASS" signature="searchProductTest()[pri:0, instance:com.oneDayCart.testScript.SearchBarTest@3712b94]" name="searchProductTest" duration-ms="64167" started-at="2020-06-19T12:14:22 IST" finished-at="2020-06-19T12:15:26 IST">
          <reporter-output>
            <line>
              <![CDATA[entering the productRice products]]>
            </line>
            <line>
              <![CDATA[click on add to cart]]>
            </line>
            <line>
              <![CDATA[click on add to cart]]>
            </line>
            <line>
              <![CDATA[click on add to cart]]>
            </line>
            <line>
              <![CDATA[click on add to cart]]>
            </line>
            <line>
              <![CDATA[click on add to cart]]>
            </line>
            <line>
              <![CDATA[click on add to cart]]>
            </line>
            <line>
              <![CDATA[click on add to cart]]>
            </line>
            <line>
              <![CDATA[click on add to cart]]>
            </line>
            <line>
              <![CDATA[click on add to cart]]>
            </line>
            <line>
              <![CDATA[click on add to cart]]>
            </line>
            <line>
              <![CDATA[click on add to cart]]>
            </line>
            <line>
              <![CDATA[click on add to cart]]>
            </line>
            <line>
              <![CDATA[click on add to cart]]>
            </line>
            <line>
              <![CDATA[click on add to cart]]>
            </line>
            <line>
              <![CDATA[click on add to cart]]>
            </line>
            <line>
              <![CDATA[click on add to cart]]>
            </line>
            <line>
              <![CDATA[click on add to cart]]>
            </line>
            <line>
              <![CDATA[click on add to cart]]>
            </line>
            <line>
              <![CDATA[click on add to cart]]>
            </line>
            <line>
              <![CDATA[click on add to cart]]>
            </line>
            <line>
              <![CDATA[click on add to cart]]>
            </line>
            <line>
              <![CDATA[click on add to cart]]>
            </line>
            <line>
              <![CDATA[click on add to cart]]>
            </line>
            <line>
              <![CDATA[click on add to cart]]>
            </line>
            <line>
              <![CDATA[click on add to cart]]>
            </line>
            <line>
              <![CDATA[click on add to cart]]>
            </line>
            <line>
              <![CDATA[click on add to cart]]>
            </line>
            <line>
              <![CDATA[click on add to cart]]>
            </line>
            <line>
              <![CDATA[click on add to cart]]>
            </line>
            <line>
              <![CDATA[click on add to cart]]>
            </line>
            <line>
              <![CDATA[click on add to cart]]>
            </line>
            <line>
              <![CDATA[click on add to cart]]>
            </line>
            <line>
              <![CDATA[click on add to cart]]>
            </line>
            <line>
              <![CDATA[click on add to cart]]>
            </line>
            <line>
              <![CDATA[click on add to cart]]>
            </line>
            <line>
              <![CDATA[click on add to cart]]>
            </line>
            <line>
              <![CDATA[click on add to cart]]>
            </line>
            <line>
              <![CDATA[click on add to cart]]>
            </line>
            <line>
              <![CDATA[click on add to cart]]>
            </line>
            <line>
              <![CDATA[click on add to cart]]>
            </line>
            <line>
              <![CDATA[click on add to cart]]>
            </line>
            <line>
              <![CDATA[click on add to cart]]>
            </line>
            <line>
              <![CDATA[click on add to cart]]>
            </line>
            <line>
              <![CDATA[click on add to cart]]>
            </line>
            <line>
              <![CDATA[click on add to cart]]>
            </line>
            <line>
              <![CDATA[click on add to cart]]>
            </line>
            <line>
              <![CDATA[click on add to cart]]>
            </line>
            <line>
              <![CDATA[click on add to cart]]>
            </line>
            <line>
              <![CDATA[click on add to cart]]>
            </line>
            <line>
              <![CDATA[click on add to cart]]>
            </line>
            <line>
              <![CDATA[click on add to cart]]>
            </line>
            <line>
              <![CDATA[click on add to cart]]>
            </line>
            <line>
              <![CDATA[click on add to cart]]>
            </line>
            <line>
              <![CDATA[click on add to cart]]>
            </line>
            <line>
              <![CDATA[click on add to cart]]>
            </line>
            <line>
              <![CDATA[click on add to cart]]>
            </line>
            <line>
              <![CDATA[click on add to cart]]>
            </line>
            <line>
              <![CDATA[click on add to cart]]>
            </line>
            <line>
              <![CDATA[click on add to cart]]>
            </line>
            <line>
              <![CDATA[click on add to cart]]>
            </line>
            <line>
              <![CDATA[click on add to cart]]>
            </line>
            <line>
              <![CDATA[click on add to cart]]>
            </line>
            <line>
              <![CDATA[click on add to cart]]>
            </line>
            <line>
              <![CDATA[click on add to cart]]>
            </line>
            <line>
              <![CDATA[click on add to cart]]>
            </line>
            <line>
              <![CDATA[click on add to cart]]>
            </line>
            <line>
              <![CDATA[click on add to cart]]>
            </line>
            <line>
              <![CDATA[click on add to cart]]>
            </line>
            <line>
              <![CDATA[click on add to cart]]>
            </line>
            <line>
              <![CDATA[click on add to cart]]>
            </line>
            <line>
              <![CDATA[click on add to cart]]>
            </line>
            <line>
              <![CDATA[click on add to cart]]>
            </line>
            <line>
              <![CDATA[click on add to cart]]>
            </line>
            <line>
              <![CDATA[click on add to cart]]>
            </line>
            <line>
              <![CDATA[click on add to cart]]>
            </line>
            <line>
              <![CDATA[click on add to cart]]>
            </line>
            <line>
              <![CDATA[click on add to cart]]>
            </line>
            <line>
              <![CDATA[click on add to cart]]>
            </line>
            <line>
              <![CDATA[click on add to cart]]>
            </line>
            <line>
              <![CDATA[click on add to cart]]>
            </line>
            <line>
              <![CDATA[click on add to cart]]>
            </line>
            <line>
              <![CDATA[click on add to cart]]>
            </line>
            <line>
              <![CDATA[click on add to cart]]>
            </line>
            <line>
              <![CDATA[click on add to cart]]>
            </line>
            <line>
              <![CDATA[click on add to cart]]>
            </line>
            <line>
              <![CDATA[click on add to cart]]>
            </line>
            <line>
              <![CDATA[click on add to cart]]>
            </line>
            <line>
              <![CDATA[click on add to cart]]>
            </line>
            <line>
              <![CDATA[click on add to cart]]>
            </line>
            <line>
              <![CDATA[click on add to cart]]>
            </line>
            <line>
              <![CDATA[click on add to cart]]>
            </line>
            <line>
              <![CDATA[click on add to cart]]>
            </line>
            <line>
              <![CDATA[click on add to cart]]>
            </line>
            <line>
              <![CDATA[click on add to cart]]>
            </line>
          </reporter-output>
        </test-method> <!-- searchProductTest -->
        <test-method status="PASS" signature="configAM()[pri:0, instance:com.oneDayCart.testScript.SearchBarTest@3712b94]" name="configAM" is-config="true" duration-ms="28318" started-at="2020-06-19T12:15:26 IST" finished-at="2020-06-19T12:15:54 IST">
          <reporter-output>
            <line>
              <![CDATA[click on logOut Link]]>
            </line>
          </reporter-output>
        </test-method> <!-- configAM -->
        <test-method status="PASS" signature="configAC()[pri:0, instance:com.oneDayCart.testScript.SearchBarTest@3712b94]" name="configAC" is-config="true" duration-ms="2188" started-at="2020-06-19T12:15:54 IST" finished-at="2020-06-19T12:15:57 IST">
          <reporter-output>
            <line>
              <![CDATA[browser closed]]>
            </line>
          </reporter-output>
        </test-method> <!-- configAC -->
      </class> <!-- com.oneDayCart.testScript.SearchBarTest -->
      <class name="com.oneDayCart.testScript.SelectbyCategory">
        <test-method status="PASS" signature="configBC()[pri:0, instance:com.oneDayCart.testScript.SelectbyCategory@2833cc44]" name="configBC" is-config="true" duration-ms="10474" started-at="2020-06-19T12:15:57 IST" finished-at="2020-06-19T12:16:07 IST">
          <reporter-output>
            <line>
              <![CDATA[Browser is launched]]>
            </line>
            <line>
              <![CDATA[enter url]]>
            </line>
          </reporter-output>
        </test-method> <!-- configBC -->
        <test-method status="PASS" signature="configBM()[pri:0, instance:com.oneDayCart.testScript.SelectbyCategory@2833cc44]" name="configBM" is-config="true" duration-ms="27036" started-at="2020-06-19T12:16:07 IST" finished-at="2020-06-19T12:16:34 IST">
          <reporter-output>
            <line>
              <![CDATA[click on logIn link]]>
            </line>
            <line>
              <![CDATA[enter email and password]]>
            </line>
          </reporter-output>
        </test-method> <!-- configBM -->
        <test-method status="FAIL" signature="Selectbycategry()[pri:0, instance:com.oneDayCart.testScript.SelectbyCategory@2833cc44]" name="Selectbycategry" duration-ms="20079" started-at="2020-06-19T12:16:34 IST" finished-at="2020-06-19T12:16:54 IST">
          <exception class="org.openqa.selenium.NoSuchElementException">
            <message>
              <![CDATA[no such element: Unable to locate element: {"method":"xpath","selector":"//span[.='GROCERY& STAPLES']"}
  (Session info: chrome=83.0.4103.106)
For documentation on this error, please visit: https://www.seleniumhq.org/exceptions/no_such_element.html
Build info: version: '3.141.59', revision: 'e82be7d358', time: '2018-11-14T08:17:03'
System info: host: 'NITHESH-GOWDA', ip: '192.168.43.140', os.name: 'Windows 8.1', os.arch: 'amd64', os.version: '6.3', java.version: '1.8.0_241'
Driver info: org.openqa.selenium.chrome.ChromeDriver
Capabilities {acceptInsecureCerts: false, browserName: chrome, browserVersion: 83.0.4103.106, chrome: {chromedriverVersion: 83.0.4103.39 (ccbf011cb2d2b..., userDataDir: C:\Users\user\AppData\Local...}, goog:chromeOptions: {debuggerAddress: localhost:59881}, javascriptEnabled: true, networkConnectionEnabled: false, pageLoadStrategy: normal, platform: WINDOWS, platformName: WINDOWS, proxy: Proxy(), setWindowRect: true, strictFileInteractability: false, timeouts: {implicit: 0, pageLoad: 300000, script: 30000}, unhandledPromptBehavior: dismiss and notify, webauthn:virtualAuthenticators: true}
Session ID: 1af4da22391021626396f3945b852608
*** Element info: {Using=xpath, value=//span[.='GROCERY& STAPLES']}]]>
            </message>
            <full-stacktrace>
              <![CDATA[org.openqa.selenium.NoSuchElementException: no such element: Unable to locate element: {"method":"xpath","selector":"//span[.='GROCERY& STAPLES']"}
  (Session info: chrome=83.0.4103.106)
For documentation on this error, please visit: https://www.seleniumhq.org/exceptions/no_such_element.html
Build info: version: '3.141.59', revision: 'e82be7d358', time: '2018-11-14T08:17:03'
System info: host: 'NITHESH-GOWDA', ip: '192.168.43.140', os.name: 'Windows 8.1', os.arch: 'amd64', os.version: '6.3', java.version: '1.8.0_241'
Driver info: org.openqa.selenium.chrome.ChromeDriver
Capabilities {acceptInsecureCerts: false, browserName: chrome, browserVersion: 83.0.4103.106, chrome: {chromedriverVersion: 83.0.4103.39 (ccbf011cb2d2b..., userDataDir: C:\Users\user\AppData\Local...}, goog:chromeOptions: {debuggerAddress: localhost:59881}, javascriptEnabled: true, networkConnectionEnabled: false, pageLoadStrategy: normal, platform: WINDOWS, platformName: WINDOWS, proxy: Proxy(), setWindowRect: true, strictFileInteractability: false, timeouts: {implicit: 0, pageLoad: 300000, script: 30000}, unhandledPromptBehavior: dismiss and notify, webauthn:virtualAuthenticators: true}
Session ID: 1af4da22391021626396f3945b852608
*** Element info: {Using=xpath, value=//span[.='GROCERY& STAPLES']}
at sun.reflect.NativeConstructorAccessorImpl.newInstance0(Native Method)
at sun.reflect.NativeConstructorAccessorImpl.newInstance(Unknown Source)
at sun.reflect.DelegatingConstructorAccessorImpl.newInstance(Unknown Source)
at java.lang.reflect.Constructor.newInstance(Unknown Source)
at org.openqa.selenium.remote.http.W3CHttpResponseCodec.createException(W3CHttpResponseCodec.java:187)
at org.openqa.selenium.remote.http.W3CHttpResponseCodec.decode(W3CHttpResponseCodec.java:122)
at org.openqa.selenium.remote.http.W3CHttpResponseCodec.decode(W3CHttpResponseCodec.java:49)
at org.openqa.selenium.remote.HttpCommandExecutor.execute(HttpCommandExecutor.java:158)
at org.openqa.selenium.remote.service.DriverCommandExecutor.execute(DriverCommandExecutor.java:83)
at org.openqa.selenium.remote.RemoteWebDriver.execute(RemoteWebDriver.java:552)
at org.openqa.selenium.remote.RemoteWebDriver.findElement(RemoteWebDriver.java:323)
at org.openqa.selenium.remote.RemoteWebDriver.findElementByXPath(RemoteWebDriver.java:428)
at org.openqa.selenium.By$ByXPath.findElement(By.java:353)
at org.openqa.selenium.remote.RemoteWebDriver.findElement(RemoteWebDriver.java:315)
at org.openqa.selenium.support.pagefactory.DefaultElementLocator.findElement(DefaultElementLocator.java:69)
at org.openqa.selenium.support.pagefactory.internal.LocatingElementHandler.invoke(LocatingElementHandler.java:38)
at com.sun.proxy.$Proxy13.click(Unknown Source)
at com.oneDayCart.PageObject.Groceriesandstaples.addbyCatogry(Groceriesandstaples.java:120)
at com.oneDayCart.testScript.SelectbyCategory.Selectbycategry(SelectbyCategory.java:17)
at sun.reflect.NativeMethodAccessorImpl.invoke0(Native Method)
at sun.reflect.NativeMethodAccessorImpl.invoke(Unknown Source)
at sun.reflect.DelegatingMethodAccessorImpl.invoke(Unknown Source)
at java.lang.reflect.Method.invoke(Unknown Source)
at org.testng.internal.MethodInvocationHelper.invokeMethod(MethodInvocationHelper.java:134)
at org.testng.internal.TestInvoker.invokeMethod(TestInvoker.java:597)
at org.testng.internal.TestInvoker.invokeTestMethod(TestInvoker.java:173)
at org.testng.internal.MethodRunner.runInSequence(MethodRunner.java:46)
at org.testng.internal.TestInvoker$MethodInvocationAgent.invoke(TestInvoker.java:816)
at org.testng.internal.TestInvoker.invokeTestMethods(TestInvoker.java:146)
at org.testng.internal.TestMethodWorker.invokeTestMethods(TestMethodWorker.java:146)
at org.testng.internal.TestMethodWorker.run(TestMethodWorker.java:128)
at java.util.ArrayList.forEach(Unknown Source)
at org.testng.TestRunner.privateRun(TestRunner.java:766)
at org.testng.TestRunner.run(TestRunner.java:587)
at org.testng.SuiteRunner.runTest(SuiteRunner.java:384)
at org.testng.SuiteRunner.runSequentially(SuiteRunner.java:378)
at org.testng.SuiteRunner.privateRun(SuiteRunner.java:337)
at org.testng.SuiteRunner.run(SuiteRunner.java:286)
at org.testng.SuiteRunnerWorker.runSuite(SuiteRunnerWorker.java:53)
at org.testng.SuiteRunnerWorker.run(SuiteRunnerWorker.java:96)
at org.testng.TestNG.runSuitesSequentially(TestNG.java:1187)
at org.testng.TestNG.runSuitesLocally(TestNG.java:1109)
at org.testng.TestNG.runSuites(TestNG.java:1039)
at org.testng.TestNG.run(TestNG.java:1007)
at org.testng.remote.AbstractRemoteTestNG.run(AbstractRemoteTestNG.java:115)
at org.testng.remote.RemoteTestNG.initAndRun(RemoteTestNG.java:251)
at org.testng.remote.RemoteTestNG.main(RemoteTestNG.java:77)
]]>
            </full-stacktrace>
          </exception> <!-- org.openqa.selenium.NoSuchElementException -->
          <reporter-output>
          </reporter-output>
        </test-method> <!-- Selectbycategry -->
        <test-method status="PASS" signature="configAM()[pri:0, instance:com.oneDayCart.testScript.SelectbyCategory@2833cc44]" name="configAM" is-config="true" duration-ms="12838" started-at="2020-06-19T12:16:55 IST" finished-at="2020-06-19T12:17:08 IST">
          <reporter-output>
            <line>
              <![CDATA[click on logOut Link]]>
            </line>
          </reporter-output>
        </test-method> <!-- configAM -->
        <test-method status="PASS" signature="configAC()[pri:0, instance:com.oneDayCart.testScript.SelectbyCategory@2833cc44]" name="configAC" is-config="true" duration-ms="442" started-at="2020-06-19T12:17:08 IST" finished-at="2020-06-19T12:17:08 IST">
          <reporter-output>
            <line>
              <![CDATA[browser closed]]>
            </line>
          </reporter-output>
        </test-method> <!-- configAC -->
      </class> <!-- com.oneDayCart.testScript.SelectbyCategory -->
      <class name="com.oneDayCart.testScript.chatoffline">
        <test-method status="PASS" signature="configBC()[pri:0, instance:com.oneDayCart.testScript.chatoffline@17579e0f]" name="configBC" is-config="true" duration-ms="40233" started-at="2020-06-19T12:09:30 IST" finished-at="2020-06-19T12:10:10 IST">
          <reporter-output>
            <line>
              <![CDATA[Browser is launched]]>
            </line>
            <line>
              <![CDATA[enter url]]>
            </line>
          </reporter-output>
        </test-method> <!-- configBC -->
        <test-method status="PASS" signature="configBM()[pri:0, instance:com.oneDayCart.testScript.chatoffline@17579e0f]" name="configBM" is-config="true" duration-ms="57736" started-at="2020-06-19T12:10:14 IST" finished-at="2020-06-19T12:11:11 IST">
          <reporter-output>
            <line>
              <![CDATA[click on logIn link]]>
            </line>
            <line>
              <![CDATA[enter email and password]]>
            </line>
          </reporter-output>
        </test-method> <!-- configBM -->
        <test-method status="FAIL" signature="offlinechat(java.lang.String, java.lang.String, java.lang.String)[pri:0, instance:com.oneDayCart.testScript.chatoffline@17579e0f]" name="offlinechat" duration-ms="40336" started-at="2020-06-19T12:11:11 IST" data-provider="readData" finished-at="2020-06-19T12:11:52 IST">
          <params>
            <param index="0">
              <value>
                <![CDATA[Pavan kumar]]>
              </value>
            </param>
            <param index="1">
              <value>
                <![CDATA[pavandpagal@gmail.com]]>
              </value>
            </param>
            <param index="2">
              <value>
                <![CDATA[fghsafgf]]>
              </value>
            </param>
          </params>
          <exception class="org.openqa.selenium.TimeoutException">
            <message>
              <![CDATA[Expected condition failed: waiting for visibility of Proxy element for: DefaultElementLocator 'By.xpath: //span[.='Chat? - Offline']' (tried for 10 second(s) with 500 milliseconds interval)]]>
            </message>
            <full-stacktrace>
              <![CDATA[org.openqa.selenium.TimeoutException: Expected condition failed: waiting for visibility of Proxy element for: DefaultElementLocator 'By.xpath: //span[.='Chat? - Offline']' (tried for 10 second(s) with 500 milliseconds interval)
at org.openqa.selenium.support.ui.WebDriverWait.timeoutException(WebDriverWait.java:95)
at org.openqa.selenium.support.ui.FluentWait.until(FluentWait.java:272)
at com.oneDayCart.PageObject.HomePage.clickonChat(HomePage.java:346)
at com.oneDayCart.testScript.chatoffline.offlinechat(chatoffline.java:25)
at sun.reflect.NativeMethodAccessorImpl.invoke0(Native Method)
at sun.reflect.NativeMethodAccessorImpl.invoke(Unknown Source)
at sun.reflect.DelegatingMethodAccessorImpl.invoke(Unknown Source)
at java.lang.reflect.Method.invoke(Unknown Source)
at org.testng.internal.MethodInvocationHelper.invokeMethod(MethodInvocationHelper.java:134)
at org.testng.internal.TestInvoker.invokeMethod(TestInvoker.java:597)
at org.testng.internal.TestInvoker.invokeTestMethod(TestInvoker.java:173)
at org.testng.internal.MethodRunner.runInSequence(MethodRunner.java:46)
at org.testng.internal.TestInvoker$MethodInvocationAgent.invoke(TestInvoker.java:816)
at org.testng.internal.TestInvoker.invokeTestMethods(TestInvoker.java:146)
at org.testng.internal.TestMethodWorker.invokeTestMethods(TestMethodWorker.java:146)
at org.testng.internal.TestMethodWorker.run(TestMethodWorker.java:128)
at java.util.ArrayList.forEach(Unknown Source)
at org.testng.TestRunner.privateRun(TestRunner.java:766)
at org.testng.TestRunner.run(TestRunner.java:587)
at org.testng.SuiteRunner.runTest(SuiteRunner.java:384)
at org.testng.SuiteRunner.runSequentially(SuiteRunner.java:378)
at org.testng.SuiteRunner.privateRun(SuiteRunner.java:337)
at org.testng.SuiteRunner.run(SuiteRunner.java:286)
at org.testng.SuiteRunnerWorker.runSuite(SuiteRunnerWorker.java:53)
at org.testng.SuiteRunnerWorker.run(SuiteRunnerWorker.java:96)
at org.testng.TestNG.runSuitesSequentially(TestNG.java:1187)
at org.testng.TestNG.runSuitesLocally(TestNG.java:1109)
at org.testng.TestNG.runSuites(TestNG.java:1039)
at org.testng.TestNG.run(TestNG.java:1007)
at org.testng.remote.AbstractRemoteTestNG.run(AbstractRemoteTestNG.java:115)
at org.testng.remote.RemoteTestNG.initAndRun(RemoteTestNG.java:251)
at org.testng.remote.RemoteTestNG.main(RemoteTestNG.java:77)
Caused by: org.openqa.selenium.NoSuchElementException: no such element: Unable to locate element: {"method":"xpath","selector":"//span[.='Chat? - Offline']"}
  (Session info: chrome=83.0.4103.106)
For documentation on this error, please visit: https://www.seleniumhq.org/exceptions/no_such_element.html
Build info: version: '3.141.59', revision: 'e82be7d358', time: '2018-11-14T08:17:03'
System info: host: 'NITHESH-GOWDA', ip: '192.168.43.140', os.name: 'Windows 8.1', os.arch: 'amd64', os.version: '6.3', java.version: '1.8.0_241'
Driver info: org.openqa.selenium.chrome.ChromeDriver
Capabilities {acceptInsecureCerts: false, browserName: chrome, browserVersion: 83.0.4103.106, chrome: {chromedriverVersion: 83.0.4103.39 (ccbf011cb2d2b..., userDataDir: C:\Users\user\AppData\Local...}, goog:chromeOptions: {debuggerAddress: localhost:59408}, javascriptEnabled: true, networkConnectionEnabled: false, pageLoadStrategy: normal, platform: WINDOWS, platformName: WINDOWS, proxy: Proxy(), setWindowRect: true, strictFileInteractability: false, timeouts: {implicit: 0, pageLoad: 300000, script: 30000}, unhandledPromptBehavior: dismiss and notify, webauthn:virtualAuthenticators: true}
Session ID: 1d4c78ed54ec9f0801dcd56e04f65ad4
*** Element info: {Using=xpath, value=//span[.='Chat? - Offline']}
at sun.reflect.NativeConstructorAccessorImpl.newInstance0(Native Method)
at sun.reflect.NativeConstructorAccessorImpl.newInstance(Unknown Source)
at sun.reflect.DelegatingConstructorAccessorImpl.newInstance(Unknown Source)
at java.lang.reflect.Constructor.newInstance(Unknown Source)
at org.openqa.selenium.remote.http.W3CHttpResponseCodec.createException(W3CHttpResponseCodec.java:187)
at org.openqa.selenium.remote.http.W3CHttpResponseCodec.decode(W3CHttpResponseCodec.java:122)
at org.openqa.selenium.remote.http.W3CHttpResponseCodec.decode(W3CHttpResponseCodec.java:49)
at org.openqa.selenium.remote.HttpCommandExecutor.execute(HttpCommandExecutor.java:158)
at org.openqa.selenium.remote.service.DriverCommandExecutor.execute(DriverCommandExecutor.java:83)
at org.openqa.selenium.remote.RemoteWebDriver.execute(RemoteWebDriver.java:552)
at org.openqa.selenium.remote.RemoteWebDriver.findElement(RemoteWebDriver.java:323)
at org.openqa.selenium.remote.RemoteWebDriver.findElementByXPath(RemoteWebDriver.java:428)
at org.openqa.selenium.By$ByXPath.findElement(By.java:353)
at org.openqa.selenium.remote.RemoteWebDriver.findElement(RemoteWebDriver.java:315)
at org.openqa.selenium.support.pagefactory.DefaultElementLocator.findElement(DefaultElementLocator.java:69)
at org.openqa.selenium.support.pagefactory.internal.LocatingElementHandler.invoke(LocatingElementHandler.java:38)
at com.sun.proxy.$Proxy13.isDisplayed(Unknown Source)
at org.openqa.selenium.support.ui.ExpectedConditions.elementIfVisible(ExpectedConditions.java:314)
at org.openqa.selenium.support.ui.ExpectedConditions.access$000(ExpectedConditions.java:43)
at org.openqa.selenium.support.ui.ExpectedConditions$10.apply(ExpectedConditions.java:300)
at org.openqa.selenium.support.ui.ExpectedConditions$10.apply(ExpectedConditions.java:297)
at org.openqa.selenium.support.ui.FluentWait.until(FluentWait.java:249)
... 30 more
]]>
            </full-stacktrace>
          </exception> <!-- org.openqa.selenium.TimeoutException -->
          <reporter-output>
          </reporter-output>
        </test-method> <!-- offlinechat -->
        <test-method status="PASS" signature="configAM()[pri:0, instance:com.oneDayCart.testScript.chatoffline@17579e0f]" name="configAM" is-config="true" duration-ms="24184" started-at="2020-06-19T12:11:53 IST" finished-at="2020-06-19T12:12:17 IST">
          <reporter-output>
            <line>
              <![CDATA[click on logOut Link]]>
            </line>
          </reporter-output>
        </test-method> <!-- configAM -->
        <test-method status="PASS" signature="configAC()[pri:0, instance:com.oneDayCart.testScript.chatoffline@17579e0f]" name="configAC" is-config="true" duration-ms="2199" started-at="2020-06-19T12:12:17 IST" finished-at="2020-06-19T12:12:19 IST">
          <reporter-output>
            <line>
              <![CDATA[browser closed]]>
            </line>
          </reporter-output>
        </test-method> <!-- configAC -->
      </class> <!-- com.oneDayCart.testScript.chatoffline -->
      <class name="com.oneDayCart.testScript.myOrder">
        <test-method status="PASS" signature="configBC()[pri:0, instance:com.oneDayCart.testScript.myOrder@646d64ab]" name="configBC" is-config="true" duration-ms="14188" started-at="2020-06-19T12:20:00 IST" finished-at="2020-06-19T12:20:14 IST">
          <reporter-output>
            <line>
              <![CDATA[Browser is launched]]>
            </line>
            <line>
              <![CDATA[enter url]]>
            </line>
          </reporter-output>
        </test-method> <!-- configBC -->
        <test-method status="PASS" signature="configBM()[pri:0, instance:com.oneDayCart.testScript.myOrder@646d64ab]" name="configBM" is-config="true" duration-ms="11987" started-at="2020-06-19T12:20:14 IST" finished-at="2020-06-19T12:20:26 IST">
          <reporter-output>
            <line>
              <![CDATA[click on logIn link]]>
            </line>
            <line>
              <![CDATA[enter email and password]]>
            </line>
          </reporter-output>
        </test-method> <!-- configBM -->
        <test-method status="PASS" signature="myorderpage()[pri:0, instance:com.oneDayCart.testScript.myOrder@646d64ab]" name="myorderpage" duration-ms="9230" started-at="2020-06-19T12:20:26 IST" finished-at="2020-06-19T12:20:35 IST">
          <reporter-output>
            <line>
              <![CDATA[click on my order]]>
            </line>
            <line>
              <![CDATA[my order page is displayed]]>
            </line>
          </reporter-output>
        </test-method> <!-- myorderpage -->
        <test-method status="PASS" signature="configAM()[pri:0, instance:com.oneDayCart.testScript.myOrder@646d64ab]" name="configAM" is-config="true" duration-ms="4095" started-at="2020-06-19T12:20:35 IST" finished-at="2020-06-19T12:20:39 IST">
          <reporter-output>
            <line>
              <![CDATA[click on logOut Link]]>
            </line>
          </reporter-output>
        </test-method> <!-- configAM -->
        <test-method status="PASS" signature="configAC()[pri:0, instance:com.oneDayCart.testScript.myOrder@646d64ab]" name="configAC" is-config="true" duration-ms="223" started-at="2020-06-19T12:20:39 IST" finished-at="2020-06-19T12:20:39 IST">
          <reporter-output>
            <line>
              <![CDATA[browser closed]]>
            </line>
          </reporter-output>
        </test-method> <!-- configAC -->
      </class> <!-- com.oneDayCart.testScript.myOrder -->
    </test> <!-- Test -->
  </suite> <!-- Suite -->
</testng-results>
